1711128915.355984 client started (15150): version 3.3a, socket /tmp/tmux-1000/default, protocol 8
1711128915.355996 on Linux 5.15.146.1-microsoft-standard-WSL2 #1 SMP Thu Jan 11 04:09:03 UTC 2024
1711128915.355999 using libevent 2.1.12-stable (poll); ncurses 6.3
1711128915.356005 flags are 0x10010000
1711128915.356007 socket is /tmp/tmux-1000/default
1711128915.356011 trying connect
1711128915.356066 add peer 0x55ca14214ed0: 6 ((nil))
1711128915.356162 sending message 100 to peer 0x55ca14214ed0 (4 bytes)
1711128915.356165 sending message 111 to peer 0x55ca14214ed0 (8 bytes)
1711128915.356167 sending message 101 to peer 0x55ca14214ed0 (16 bytes)
1711128915.356168 sending message 109 to peer 0x55ca14214ed0 (4 bytes)
1711128915.356170 sending message 102 to peer 0x55ca14214ed0 (11 bytes)
1711128915.356172 sending message 108 to peer 0x55ca14214ed0 (26 bytes)
1711128915.356173 sending message 112 to peer 0x55ca14214ed0 (70 bytes)
1711128915.356175 sending message 112 to peer 0x55ca14214ed0 (5 bytes)
1711128915.356177 sending message 112 to peer 0x55ca14214ed0 (5 bytes)
1711128915.356178 sending message 112 to peer 0x55ca14214ed0 (6 bytes)
1711128915.356180 sending message 112 to peer 0x55ca14214ed0 (6 bytes)
1711128915.356181 sending message 112 to peer 0x55ca14214ed0 (11 bytes)
1711128915.356183 sending message 112 to peer 0x55ca14214ed0 (10 bytes)
1711128915.356184 sending message 112 to peer 0x55ca14214ed0 (13 bytes)
1711128915.356186 sending message 112 to peer 0x55ca14214ed0 (13 bytes)
1711128915.356187 sending message 112 to peer 0x55ca14214ed0 (18 bytes)
1711128915.356189 sending message 112 to peer 0x55ca14214ed0 (11 bytes)
1711128915.356190 sending message 112 to peer 0x55ca14214ed0 (21 bytes)
1711128915.356192 sending message 112 to peer 0x55ca14214ed0 (13 bytes)
1711128915.356193 sending message 112 to peer 0x55ca14214ed0 (7 bytes)
1711128915.356195 sending message 112 to peer 0x55ca14214ed0 (13 bytes)
1711128915.356196 sending message 112 to peer 0x55ca14214ed0 (7 bytes)
1711128915.356198 sending message 112 to peer 0x55ca14214ed0 (13 bytes)
1711128915.356199 sending message 112 to peer 0x55ca14214ed0 (9 bytes)
1711128915.356201 sending message 112 to peer 0x55ca14214ed0 (21 bytes)
1711128915.356202 sending message 112 to peer 0x55ca14214ed0 (13 bytes)
1711128915.356204 sending message 112 to peer 0x55ca14214ed0 (8 bytes)
1711128915.356205 sending message 112 to peer 0x55ca14214ed0 (12 bytes)
1711128915.356207 sending message 112 to peer 0x55ca14214ed0 (13 bytes)
1711128915.356208 sending message 112 to peer 0x55ca14214ed0 (9 bytes)
1711128915.356210 sending message 112 to peer 0x55ca14214ed0 (9 bytes)
1711128915.356211 sending message 112 to peer 0x55ca14214ed0 (12 bytes)
1711128915.356213 sending message 112 to peer 0x55ca14214ed0 (8 bytes)
1711128915.356214 sending message 112 to peer 0x55ca14214ed0 (7 bytes)
1711128915.356216 sending message 112 to peer 0x55ca14214ed0 (7 bytes)
1711128915.356217 sending message 112 to peer 0x55ca14214ed0 (9 bytes)
1711128915.356218 sending message 112 to peer 0x55ca14214ed0 (13 bytes)
1711128915.356220 sending message 112 to peer 0x55ca14214ed0 (9 bytes)
1711128915.356221 sending message 112 to peer 0x55ca14214ed0 (15 bytes)
1711128915.356223 sending message 112 to peer 0x55ca14214ed0 (13 bytes)
1711128915.356224 sending message 112 to peer 0x55ca14214ed0 (12 bytes)
1711128915.356226 sending message 112 to peer 0x55ca14214ed0 (8 bytes)
1711128915.356227 sending message 112 to peer 0x55ca14214ed0 (14 bytes)
1711128915.356229 sending message 112 to peer 0x55ca14214ed0 (9 bytes)
1711128915.356230 sending message 112 to peer 0x55ca14214ed0 (10 bytes)
1711128915.356232 sending message 112 to peer 0x55ca14214ed0 (10 bytes)
1711128915.356233 sending message 112 to peer 0x55ca14214ed0 (10 bytes)
1711128915.356235 sending message 112 to peer 0x55ca14214ed0 (10 bytes)
1711128915.356236 sending message 112 to peer 0x55ca14214ed0 (11 bytes)
1711128915.356238 sending message 112 to peer 0x55ca14214ed0 (10 bytes)
1711128915.356239 sending message 112 to peer 0x55ca14214ed0 (8 bytes)
1711128915.356240 sending message 112 to peer 0x55ca14214ed0 (11 bytes)
1711128915.356246 sending message 112 to peer 0x55ca14214ed0 (11 bytes)
1711128915.356247 sending message 112 to peer 0x55ca14214ed0 (11 bytes)
1711128915.356249 sending message 112 to peer 0x55ca14214ed0 (8 bytes)
1711128915.356250 sending message 112 to peer 0x55ca14214ed0 (8 bytes)
1711128915.356252 sending message 112 to peer 0x55ca14214ed0 (8 bytes)
1711128915.356253 sending message 112 to peer 0x55ca14214ed0 (10 bytes)
1711128915.356255 sending message 112 to peer 0x55ca14214ed0 (10 bytes)
1711128915.356256 sending message 112 to peer 0x55ca14214ed0 (10 bytes)
1711128915.356258 sending message 112 to peer 0x55ca14214ed0 (10 bytes)
1711128915.356260 sending message 112 to peer 0x55ca14214ed0 (10 bytes)
1711128915.356261 sending message 112 to peer 0x55ca14214ed0 (11 bytes)
1711128915.356262 sending message 112 to peer 0x55ca14214ed0 (11 bytes)
1711128915.356264 sending message 112 to peer 0x55ca14214ed0 (10 bytes)
1711128915.356266 sending message 112 to peer 0x55ca14214ed0 (9 bytes)
1711128915.356267 sending message 112 to peer 0x55ca14214ed0 (9 bytes)
1711128915.356268 sending message 112 to peer 0x55ca14214ed0 (12 bytes)
1711128915.356270 sending message 112 to peer 0x55ca14214ed0 (9 bytes)
1711128915.356271 sending message 112 to peer 0x55ca14214ed0 (6 bytes)
1711128915.356273 sending message 112 to peer 0x55ca14214ed0 (13 bytes)
1711128915.356274 sending message 112 to peer 0x55ca14214ed0 (8 bytes)
1711128915.356276 sending message 112 to peer 0x55ca14214ed0 (15 bytes)
1711128915.356277 sending message 112 to peer 0x55ca14214ed0 (13 bytes)
1711128915.356279 sending message 112 to peer 0x55ca14214ed0 (70 bytes)
1711128915.356280 sending message 112 to peer 0x55ca14214ed0 (69 bytes)
1711128915.356282 sending message 112 to peer 0x55ca14214ed0 (10 bytes)
1711128915.356283 sending message 112 to peer 0x55ca14214ed0 (8 bytes)
1711128915.356285 sending message 112 to peer 0x55ca14214ed0 (15 bytes)
1711128915.356286 sending message 112 to peer 0x55ca14214ed0 (13 bytes)
1711128915.356287 sending message 112 to peer 0x55ca14214ed0 (10 bytes)
1711128915.356289 sending message 112 to peer 0x55ca14214ed0 (10 bytes)
1711128915.356290 sending message 112 to peer 0x55ca14214ed0 (5 bytes)
1711128915.356292 sending message 112 to peer 0x55ca14214ed0 (15 bytes)
1711128915.356294 sending message 104 to peer 0x55ca14214ed0 (0 bytes)
1711128915.356295 sending message 110 to peer 0x55ca14214ed0 (0 bytes)
1711128915.356297 sending message 107 to peer 0x55ca14214ed0 (4 bytes)
1711128915.356299 sending message 105 to peer 0x55ca14214ed0 (16 bytes)
1711128915.356300 sending message 105 to peer 0x55ca14214ed0 (24 bytes)
1711128915.356302 sending message 105 to peer 0x55ca14214ed0 (26 bytes)
1711128915.356303 sending message 105 to peer 0x55ca14214ed0 (44 bytes)
1711128915.356305 sending message 105 to peer 0x55ca14214ed0 (7 bytes)
1711128915.356306 sending message 105 to peer 0x55ca14214ed0 (23 bytes)
1711128915.356308 sending message 105 to peer 0x55ca14214ed0 (36 bytes)
1711128915.356309 sending message 105 to peer 0x55ca14214ed0 (48 bytes)
1711128915.356311 sending message 105 to peer 0x55ca14214ed0 (20 bytes)
1711128915.356312 sending message 105 to peer 0x55ca14214ed0 (30 bytes)
1711128915.356314 sending message 105 to peer 0x55ca14214ed0 (15 bytes)
1711128915.356315 sending message 105 to peer 0x55ca14214ed0 (37 bytes)
1711128915.356317 sending message 105 to peer 0x55ca14214ed0 (18 bytes)
1711128915.356318 sending message 105 to peer 0x55ca14214ed0 (17 bytes)
1711128915.356320 sending message 105 to peer 0x55ca14214ed0 (35 bytes)
1711128915.356321 sending message 105 to peer 0x55ca14214ed0 (1764 bytes)
1711128915.356330 sending message 105 to peer 0x55ca14214ed0 (26 bytes)
1711128915.356332 sending message 105 to peer 0x55ca14214ed0 (30 bytes)
1711128915.356333 sending message 105 to peer 0x55ca14214ed0 (21 bytes)
1711128915.356335 sending message 105 to peer 0x55ca14214ed0 (11 bytes)
1711128915.356336 sending message 105 to peer 0x55ca14214ed0 (12 bytes)
1711128915.356338 sending message 105 to peer 0x55ca14214ed0 (13 bytes)
1711128915.356341 sending message 105 to peer 0x55ca14214ed0 (14 bytes)
1711128915.356342 sending message 105 to peer 0x55ca14214ed0 (11 bytes)
1711128915.356344 sending message 105 to peer 0x55ca14214ed0 (8 bytes)
1711128915.356345 sending message 105 to peer 0x55ca14214ed0 (52 bytes)
1711128915.356347 sending message 105 to peer 0x55ca14214ed0 (38 bytes)
1711128915.356348 sending message 105 to peer 0x55ca14214ed0 (23 bytes)
1711128915.356350 sending message 105 to peer 0x55ca14214ed0 (33 bytes)
1711128915.356352 sending message 105 to peer 0x55ca14214ed0 (1584 bytes)
1711128915.356354 sending message 105 to peer 0x55ca14214ed0 (16 bytes)
1711128915.356355 sending message 105 to peer 0x55ca14214ed0 (40 bytes)
1711128915.356357 sending message 105 to peer 0x55ca14214ed0 (53 bytes)
1711128915.356359 sending message 105 to peer 0x55ca14214ed0 (28 bytes)
1711128915.356360 sending message 105 to peer 0x55ca14214ed0 (18 bytes)
1711128915.356362 sending message 105 to peer 0x55ca14214ed0 (16 bytes)
1711128915.356363 sending message 106 to peer 0x55ca14214ed0 (0 bytes)
1711128915.356395 sending message 200 to peer 0x55ca14214ed0 (4 bytes)
1711128915.356398 client loop enter
1711128915.356586 peer 0x55ca14214ed0 message 303
1711128915.356594 open write file 2 -
1711128915.356599 sending message 305 to peer 0x55ca14214ed0 (8 bytes)
1711128915.356604 write check file 2
1711128915.356707 peer 0x55ca14214ed0 message 304
1711128915.356710 write 58 to file 2
1711128915.356713 peer 0x55ca14214ed0 message 203
1711128915.356715 file 2 58 bytes left
1711128915.356734 write check file 2
1711128915.356736 client loop exit
